<?xml version="1.0" encoding="UTF-8"?>
<!-- Generated by org.testng.reporters.JUnitXMLReporter -->
<testsuite ignored="2" hostname="DESKTOP-EDH3I02" failures="0" tests="2" name="Test" time="0.124" errors="0" timestamp="2022-10-27T14:43:10 IST">
  <testcase classname="com.timeTracking.actitime.Automation.moduleName.ClassATest" name="demo1" time="0.015"/>
  <testcase classname="com.timeTracking.actitime.Automation.moduleName.ClassBTest" name="demo2" time="0.003"/>
  <testcase classname="com.timeTracking.actitime.Automation.genericUtility.BaseClass" name="@BeforeSuite bsConfig" time="0.0">
    <ignored/>
  </testcase> <!-- @BeforeSuite bsConfig -->
  <testcase classname="com.timeTracking.actitime.Automation.genericUtility.BaseClass" name="@AfterSuite asConfig" time="0.0">
    <ignored/>
  </testcase> <!-- @AfterSuite asConfig -->
</testsuite> <!-- Test -->
